<?xml version="1.0" encoding="UTF-8"?>
<!-- Generated by org.testng.reporters.JUnitXMLReporter -->
<testsuite hostname="LAPTOP-G176N8GQ" ignored="4" name="Login Test" tests="1" failures="0" timestamp="2022-12-13T19:42:56 GMT" time="14.268" errors="0">
  <testcase name="bankManagerShouldAddCustomerSuccessfully" time="1.135" classname="com.xyz.testsuite.BankTest"/>
  <testcase name="customerShouldDepositMoneySuccessfully" time="0.0" classname="com.xyz.testsuite.BankTest">
    <ignored/>
  </testcase> <!-- customerShouldDepositMoneySuccessfully -->
  <testcase name="customerShouldWithdrawMoneySuccessfully" time="0.0" classname="com.xyz.testsuite.BankTest">
    <ignored/>
  </testcase> <!-- customerShouldWithdrawMoneySuccessfully -->
  <testcase name="customerShouldLoginAndLogoutSuccessfully" time="0.0" classname="com.xyz.testsuite.BankTest">
    <ignored/>
  </testcase> <!-- customerShouldLoginAndLogoutSuccessfully -->
  <testcase name="bankManagerShouldOpenAccountSuccessfully" time="0.0" classname="com.xyz.testsuite.BankTest">
    <ignored/>
  </testcase> <!-- bankManagerShouldOpenAccountSuccessfully -->
</testsuite> <!-- Login Test -->
