<?xml version="1.0" encoding="UTF-8"?>
<testng-results skipped="0" failed="1" ignored="0" total="5" passed="4">
  <reporter-output>
    <line>
      <![CDATA[Click on bank manager login link[[ChromeDriver: chrome on WINDOWS (c6bdc64e1ef2f68f2ca141f21cdfc970)] -> xpath: //button[text()='Bank Manager Login']]]]>
    </line>
    <line>
      <![CDATA[CLick on add customer tab[[ChromeDriver: chrome on WINDOWS (c6bdc64e1ef2f68f2ca141f21cdfc970)] -> xpath: //button[contains(text(),'Add Customer')]]]]>
    </line>
    <line>
      <![CDATA[Enter first name [[ChromeDriver: chrome on WINDOWS (c6bdc64e1ef2f68f2ca141f21cdfc970)] -> xpath: //div[1]/input[1]]]]>
    </line>
    <line>
      <![CDATA[Enter last name[[ChromeDriver: chrome on WINDOWS (c6bdc64e1ef2f68f2ca141f21cdfc970)] -> xpath: //input[@ng-model='lName']]]]>
    </line>
    <line>
      <![CDATA[Enter postcode[[ChromeDriver: chrome on WINDOWS (c6bdc64e1ef2f68f2ca141f21cdfc970)] -> xpath: //input[@ng-model='postCd']]]]>
    </line>
    <line>
      <![CDATA[Click on add to customer button[[ChromeDriver: chrome on WINDOWS (c6bdc64e1ef2f68f2ca141f21cdfc970)] -> xpath: //button[@type='submit']]]]>
    </line>
    <line>
      <![CDATA[Get the text from alert]]>
    </line>
    <line>
      <![CDATA[Click on ok button in alert]]>
    </line>
    <line>
      <![CDATA[Click on bank manager login link[[ChromeDriver: chrome on WINDOWS (044cb149414d76c774e347e0bf7a5905)] -> xpath: //button[text()='Bank Manager Login']]]]>
    </line>
    <line>
      <![CDATA[CLick on add customer tab[[ChromeDriver: chrome on WINDOWS (044cb149414d76c774e347e0bf7a5905)] -> xpath: //button[contains(text(),'Add Customer')]]]]>
    </line>
    <line>
      <![CDATA[Enter first name [[ChromeDriver: chrome on WINDOWS (044cb149414d76c774e347e0bf7a5905)] -> xpath: //div[1]/input[1]]]]>
    </line>
    <line>
      <![CDATA[Enter last name[[ChromeDriver: chrome on WINDOWS (044cb149414d76c774e347e0bf7a5905)] -> xpath: //input[@ng-model='lName']]]]>
    </line>
    <line>
      <![CDATA[Enter postcode[[ChromeDriver: chrome on WINDOWS (044cb149414d76c774e347e0bf7a5905)] -> xpath: //input[@ng-model='postCd']]]]>
    </line>
    <line>
      <![CDATA[Click on add to customer button[[ChromeDriver: chrome on WINDOWS (044cb149414d76c774e347e0bf7a5905)] -> xpath: //button[@type='submit']]]]>
    </line>
    <line>
      <![CDATA[Get the text from alert]]>
    </line>
    <line>
      <![CDATA[Click on ok button in alert]]>
    </line>
    <line>
      <![CDATA[Click on open account tab[[ChromeDriver: chrome on WINDOWS (044cb149414d76c774e347e0bf7a5905)] -> xpath: //button[contains(text(),'Open Account')]]]]>
    </line>
    <line>
      <![CDATA[Search customer name[[ChromeDriver: chrome on WINDOWS (044cb149414d76c774e347e0bf7a5905)] -> id: userSelect]]]>
    </line>
    <line>
      <![CDATA[Select currency from dropdown[[ChromeDriver: chrome on WINDOWS (044cb149414d76c774e347e0bf7a5905)] -> id: currency]]]>
    </line>
    <line>
      <![CDATA[Click on process button[[ChromeDriver: chrome on WINDOWS (044cb149414d76c774e347e0bf7a5905)] -> xpath: //button[contains(text(),'Process')]]]]>
    </line>
    <line>
      <![CDATA[Get text from alert]]>
    </line>
    <line>
      <![CDATA[CLick on ok in alert]]>
    </line>
    <line>
      <![CDATA[Click on bank manager login link[[ChromeDriver: chrome on WINDOWS (a7f9771cbc7bbbe4e289bc176a4b62fa)] -> xpath: //button[text()='Bank Manager Login']]]]>
    </line>
    <line>
      <![CDATA[CLick on add customer tab[[ChromeDriver: chrome on WINDOWS (a7f9771cbc7bbbe4e289bc176a4b62fa)] -> xpath: //button[contains(text(),'Add Customer')]]]]>
    </line>
    <line>
      <![CDATA[Enter first name [[ChromeDriver: chrome on WINDOWS (a7f9771cbc7bbbe4e289bc176a4b62fa)] -> xpath: //div[1]/input[1]]]]>
    </line>
    <line>
      <![CDATA[Enter last name[[ChromeDriver: chrome on WINDOWS (a7f9771cbc7bbbe4e289bc176a4b62fa)] -> xpath: //input[@ng-model='lName']]]]>
    </line>
    <line>
      <![CDATA[Enter postcode[[ChromeDriver: chrome on WINDOWS (a7f9771cbc7bbbe4e289bc176a4b62fa)] -> xpath: //input[@ng-model='postCd']]]]>
    </line>
    <line>
      <![CDATA[Click on add to customer button[[ChromeDriver: chrome on WINDOWS (a7f9771cbc7bbbe4e289bc176a4b62fa)] -> xpath: //button[@type='submit']]]]>
    </line>
    <line>
      <![CDATA[Get the text from alert]]>
    </line>
    <line>
      <![CDATA[Click on ok button in alert]]>
    </line>
    <line>
      <![CDATA[Click on open account tab[[ChromeDriver: chrome on WINDOWS (a7f9771cbc7bbbe4e289bc176a4b62fa)] -> xpath: //button[contains(text(),'Open Account')]]]]>
    </line>
    <line>
      <![CDATA[Search customer name[[ChromeDriver: chrome on WINDOWS (a7f9771cbc7bbbe4e289bc176a4b62fa)] -> id: userSelect]]]>
    </line>
    <line>
      <![CDATA[Select currency from dropdown[[ChromeDriver: chrome on WINDOWS (a7f9771cbc7bbbe4e289bc176a4b62fa)] -> id: currency]]]>
    </line>
    <line>
      <![CDATA[Click on process button[[ChromeDriver: chrome on WINDOWS (a7f9771cbc7bbbe4e289bc176a4b62fa)] -> xpath: //button[contains(text(),'Process')]]]]>
    </line>
    <line>
      <![CDATA[Get text from alert]]>
    </line>
    <line>
      <![CDATA[CLick on ok in alert]]>
    </line>
    <line>
      <![CDATA[Click on home button[[ChromeDriver: chrome on WINDOWS (a7f9771cbc7bbbe4e289bc176a4b62fa)] -> xpath: //button[text()='Home']]]]>
    </line>
    <line>
      <![CDATA[Click on customer login link[[ChromeDriver: chrome on WINDOWS (a7f9771cbc7bbbe4e289bc176a4b62fa)] -> xpath: //button[contains(text(),'Customer Login')]]]]>
    </line>
    <line>
      <![CDATA[Select your name[[ChromeDriver: chrome on WINDOWS (a7f9771cbc7bbbe4e289bc176a4b62fa)] -> id: userSelect]]]>
    </line>
    <line>
      <![CDATA[Click on login button[[ChromeDriver: chrome on WINDOWS (a7f9771cbc7bbbe4e289bc176a4b62fa)] -> xpath: //button[text()='Login']]]]>
    </line>
    <line>
      <![CDATA[Click on deposit tab[[ChromeDriver: chrome on WINDOWS (a7f9771cbc7bbbe4e289bc176a4b62fa)] -> xpath: //button[contains(text(),'Deposit')]]]]>
    </line>
    <line>
      <![CDATA[Enter amount[[ChromeDriver: chrome on WINDOWS (a7f9771cbc7bbbe4e289bc176a4b62fa)] -> xpath: //input[@ng-model='amount']]]]>
    </line>
    <line>
      <![CDATA[Click on deposit button[[ChromeDriver: chrome on WINDOWS (a7f9771cbc7bbbe4e289bc176a4b62fa)] -> xpath: //button[text()='Deposit']]]]>
    </line>
    <line>
      <![CDATA[Get deposit successful message[[ChromeDriver: chrome on WINDOWS (a7f9771cbc7bbbe4e289bc176a4b62fa)] -> xpath: //span[text()='Deposit Successful']]]]>
    </line>
    <line>
      <![CDATA[Click on bank manager login link[[ChromeDriver: chrome on WINDOWS (e331ffe173fceffbd554fd49e3127642)] -> xpath: //button[text()='Bank Manager Login']]]]>
    </line>
    <line>
      <![CDATA[CLick on add customer tab[[ChromeDriver: chrome on WINDOWS (e331ffe173fceffbd554fd49e3127642)] -> xpath: //button[contains(text(),'Add Customer')]]]]>
    </line>
    <line>
      <![CDATA[Enter first name [[ChromeDriver: chrome on WINDOWS (e331ffe173fceffbd554fd49e3127642)] -> xpath: //div[1]/input[1]]]]>
    </line>
    <line>
      <![CDATA[Enter last name[[ChromeDriver: chrome on WINDOWS (e331ffe173fceffbd554fd49e3127642)] -> xpath: //input[@ng-model='lName']]]]>
    </line>
    <line>
      <![CDATA[Enter postcode[[ChromeDriver: chrome on WINDOWS (e331ffe173fceffbd554fd49e3127642)] -> xpath: //input[@ng-model='postCd']]]]>
    </line>
    <line>
      <![CDATA[Click on add to customer button[[ChromeDriver: chrome on WINDOWS (e331ffe173fceffbd554fd49e3127642)] -> xpath: //button[@type='submit']]]]>
    </line>
    <line>
      <![CDATA[Get the text from alert]]>
    </line>
    <line>
      <![CDATA[Click on ok button in alert]]>
    </line>
    <line>
      <![CDATA[Click on home button[[ChromeDriver: chrome on WINDOWS (e331ffe173fceffbd554fd49e3127642)] -> xpath: //button[text()='Home']]]]>
    </line>
    <line>
      <![CDATA[Click on customer login link[[ChromeDriver: chrome on WINDOWS (e331ffe173fceffbd554fd49e3127642)] -> xpath: //button[contains(text(),'Customer Login')]]]]>
    </line>
    <line>
      <![CDATA[Select your name[[ChromeDriver: chrome on WINDOWS (e331ffe173fceffbd554fd49e3127642)] -> id: userSelect]]]>
    </line>
    <line>
      <![CDATA[Click on login button[[ChromeDriver: chrome on WINDOWS (e331ffe173fceffbd554fd49e3127642)] -> xpath: //button[text()='Login']]]]>
    </line>
    <line>
      <![CDATA[Verify logout tabBy.xpath: //button[text()='Logout']]]>
    </line>
    <line>
      <![CDATA[CLick on Logout button[[ChromeDriver: chrome on WINDOWS (e331ffe173fceffbd554fd49e3127642)] -> xpath: //button[text()='Logout']]]]>
    </line>
    <line>
      <![CDATA[Verify your name text[[ChromeDriver: chrome on WINDOWS (e331ffe173fceffbd554fd49e3127642)] -> xpath: //label[text()='Your Name :']]]]>
    </line>
    <line>
      <![CDATA[Click on bank manager login link[[ChromeDriver: chrome on WINDOWS (830cabbf9c95d52179daefd53fee689f)] -> xpath: //button[text()='Bank Manager Login']]]]>
    </line>
    <line>
      <![CDATA[CLick on add customer tab[[ChromeDriver: chrome on WINDOWS (830cabbf9c95d52179daefd53fee689f)] -> xpath: //button[contains(text(),'Add Customer')]]]]>
    </line>
    <line>
      <![CDATA[Enter first name [[ChromeDriver: chrome on WINDOWS (830cabbf9c95d52179daefd53fee689f)] -> xpath: //div[1]/input[1]]]]>
    </line>
    <line>
      <![CDATA[Enter last name[[ChromeDriver: chrome on WINDOWS (830cabbf9c95d52179daefd53fee689f)] -> xpath: //input[@ng-model='lName']]]]>
    </line>
    <line>
      <![CDATA[Enter postcode[[ChromeDriver: chrome on WINDOWS (830cabbf9c95d52179daefd53fee689f)] -> xpath: //input[@ng-model='postCd']]]]>
    </line>
    <line>
      <![CDATA[Click on add to customer button[[ChromeDriver: chrome on WINDOWS (830cabbf9c95d52179daefd53fee689f)] -> xpath: //button[@type='submit']]]]>
    </line>
    <line>
      <![CDATA[Get the text from alert]]>
    </line>
    <line>
      <![CDATA[Click on ok button in alert]]>
    </line>
    <line>
      <![CDATA[Click on open account tab[[ChromeDriver: chrome on WINDOWS (830cabbf9c95d52179daefd53fee689f)] -> xpath: //button[contains(text(),'Open Account')]]]]>
    </line>
    <line>
      <![CDATA[Search customer name[[ChromeDriver: chrome on WINDOWS (830cabbf9c95d52179daefd53fee689f)] -> id: userSelect]]]>
    </line>
    <line>
      <![CDATA[Select currency from dropdown[[ChromeDriver: chrome on WINDOWS (830cabbf9c95d52179daefd53fee689f)] -> id: currency]]]>
    </line>
    <line>
      <![CDATA[Click on process button[[ChromeDriver: chrome on WINDOWS (830cabbf9c95d52179daefd53fee689f)] -> xpath: //button[contains(text(),'Process')]]]]>
    </line>
    <line>
      <![CDATA[Get text from alert]]>
    </line>
    <line>
      <![CDATA[CLick on ok in alert]]>
    </line>
    <line>
      <![CDATA[Click on home button[[ChromeDriver: chrome on WINDOWS (830cabbf9c95d52179daefd53fee689f)] -> xpath: //button[text()='Home']]]]>
    </line>
    <line>
      <![CDATA[Click on customer login link[[ChromeDriver: chrome on WINDOWS (830cabbf9c95d52179daefd53fee689f)] -> xpath: //button[contains(text(),'Customer Login')]]]]>
    </line>
    <line>
      <![CDATA[Select your name[[ChromeDriver: chrome on WINDOWS (830cabbf9c95d52179daefd53fee689f)] -> id: userSelect]]]>
    </line>
    <line>
      <![CDATA[Click on login button[[ChromeDriver: chrome on WINDOWS (830cabbf9c95d52179daefd53fee689f)] -> xpath: //button[text()='Login']]]]>
    </line>
    <line>
      <![CDATA[Click on deposit tab[[ChromeDriver: chrome on WINDOWS (830cabbf9c95d52179daefd53fee689f)] -> xpath: //button[contains(text(),'Deposit')]]]]>
    </line>
    <line>
      <![CDATA[Enter amount[[ChromeDriver: chrome on WINDOWS (830cabbf9c95d52179daefd53fee689f)] -> xpath: //input[@ng-model='amount']]]]>
    </line>
    <line>
      <![CDATA[Click on deposit button[[ChromeDriver: chrome on WINDOWS (830cabbf9c95d52179daefd53fee689f)] -> xpath: //button[text()='Deposit']]]]>
    </line>
    <line>
      <![CDATA[Get deposit successful message[[ChromeDriver: chrome on WINDOWS (830cabbf9c95d52179daefd53fee689f)] -> xpath: //span[text()='Deposit Successful']]]]>
    </line>
    <line>
      <![CDATA[Click on home button[[ChromeDriver: chrome on WINDOWS (830cabbf9c95d52179daefd53fee689f)] -> xpath: //button[text()='Home']]]]>
    </line>
    <line>
      <![CDATA[Click on customer login link[[ChromeDriver: chrome on WINDOWS (830cabbf9c95d52179daefd53fee689f)] -> xpath: //button[contains(text(),'Customer Login')]]]]>
    </line>
    <line>
      <![CDATA[Click to see screenshot]]>
    </line>
    <line>
      <![CDATA[<a target = "_blank" href=C:\Users\RAJ\IdeaProjects\xyz-bank-sw-5-factory-project-3-raj/test-output/html/customerShouldWithdrawMoneySuccessfullyTue_Dec_13_19_45_57_GMT_2022.jpg>Screenshot</a>]]>
    </line>
    <line>
      <![CDATA[<br>]]>
    </line>
    <line>
      <![CDATA[<br>]]>
    </line>
    <line>
      <![CDATA[<a target = "_blank" href=C:\Users\RAJ\IdeaProjects\xyz-bank-sw-5-factory-project-3-raj/test-output/html/customerShouldWithdrawMoneySuccessfullyTue_Dec_13_19_45_57_GMT_2022.jpg><img src=C:\Users\RAJ\IdeaProjects\xyz-bank-sw-5-factory-project-3-raj/test-output/html/customerShouldWithdrawMoneySuccessfullyTue_Dec_13_19_45_57_GMT_2022.jpg height=200 width=200></img></a>]]>
    </line>
  </reporter-output>
  <suite name="regression" duration-ms="35372" started-at="2022-12-13T19:45:22 GMT" finished-at="2022-12-13T19:45:57 GMT">
    <groups>
      <group name="regression">
        <method signature="BankTest.bankManagerShouldAddCustomerSuccessfully()[pri:0, instance:com.xyz.testsuite.BankTest@43a0cee9]" name="bankManagerShouldAddCustomerSuccessfully" class="com.xyz.testsuite.BankTest"/>
        <method signature="BankTest.bankManagerShouldOpenAccountSuccessfully()[pri:0, instance:com.xyz.testsuite.BankTest@43a0cee9]" name="bankManagerShouldOpenAccountSuccessfully" class="com.xyz.testsuite.BankTest"/>
        <method signature="BankTest.customerShouldDepositMoneySuccessfully()[pri:0, instance:com.xyz.testsuite.BankTest@43a0cee9]" name="customerShouldDepositMoneySuccessfully" class="com.xyz.testsuite.BankTest"/>
        <method signature="BankTest.customerShouldLoginAndLogoutSuccessfully()[pri:0, instance:com.xyz.testsuite.BankTest@43a0cee9]" name="customerShouldLoginAndLogoutSuccessfully" class="com.xyz.testsuite.BankTest"/>
        <method signature="BankTest.customerShouldWithdrawMoneySuccessfully()[pri:0, instance:com.xyz.testsuite.BankTest@43a0cee9]" name="customerShouldWithdrawMoneySuccessfully" class="com.xyz.testsuite.BankTest"/>
      </group> <!-- regression -->
      <group name="smoke">
        <method signature="BankTest.bankManagerShouldOpenAccountSuccessfully()[pri:0, instance:com.xyz.testsuite.BankTest@43a0cee9]" name="bankManagerShouldOpenAccountSuccessfully" class="com.xyz.testsuite.BankTest"/>
      </group> <!-- smoke -->
      <group name="sanity">
        <method signature="BankTest.bankManagerShouldAddCustomerSuccessfully()[pri:0, instance:com.xyz.testsuite.BankTest@43a0cee9]" name="bankManagerShouldAddCustomerSuccessfully" class="com.xyz.testsuite.BankTest"/>
      </group> <!-- sanity -->
    </groups>
    <test name="Login Test" duration-ms="35372" started-at="2022-12-13T19:45:22 GMT" finished-at="2022-12-13T19:45:57 GMT">
      <class name="com.xyz.testsuite.BankTest">
        <test-method status="PASS" signature="setUp()[pri:0, instance:com.xyz.testsuite.BankTest@43a0cee9]" name="setUp" is-config="true" duration-ms="4762" started-at="2022-12-13T19:45:22 GMT" finished-at="2022-12-13T19:45:27 GMT">
          <reporter-output>
          </reporter-output>
        </test-method> <!-- setUp -->
        <test-method status="PASS" signature="init()[pri:0, instance:com.xyz.testsuite.BankTest@43a0cee9]" name="init" is-config="true" duration-ms="25" started-at="2022-12-13T19:45:27 GMT" finished-at="2022-12-13T19:45:27 GMT">
          <reporter-output>
          </reporter-output>
        </test-method> <!-- init -->
        <test-method status="PASS" signature="bankManagerShouldAddCustomerSuccessfully()[pri:0, instance:com.xyz.testsuite.BankTest@43a0cee9]" name="bankManagerShouldAddCustomerSuccessfully" duration-ms="1119" started-at="2022-12-13T19:45:27 GMT" finished-at="2022-12-13T19:45:28 GMT">
          <reporter-output>
            <line>
              <![CDATA[Click on bank manager login link[[ChromeDriver: chrome on WINDOWS (c6bdc64e1ef2f68f2ca141f21cdfc970)] -> xpath: //button[text()='Bank Manager Login']]]]>
            </line>
            <line>
              <![CDATA[CLick on add customer tab[[ChromeDriver: chrome on WINDOWS (c6bdc64e1ef2f68f2ca141f21cdfc970)] -> xpath: //button[contains(text(),'Add Customer')]]]]>
            </line>
            <line>
              <![CDATA[Enter first name [[ChromeDriver: chrome on WINDOWS (c6bdc64e1ef2f68f2ca141f21cdfc970)] -> xpath: //div[1]/input[1]]]]>
            </line>
            <line>
              <![CDATA[Enter last name[[ChromeDriver: chrome on WINDOWS (c6bdc64e1ef2f68f2ca141f21cdfc970)] -> xpath: //input[@ng-model='lName']]]]>
            </line>
            <line>
              <![CDATA[Enter postcode[[ChromeDriver: chrome on WINDOWS (c6bdc64e1ef2f68f2ca141f21cdfc970)] -> xpath: //input[@ng-model='postCd']]]]>
            </line>
            <line>
              <![CDATA[Click on add to customer button[[ChromeDriver: chrome on WINDOWS (c6bdc64e1ef2f68f2ca141f21cdfc970)] -> xpath: //button[@type='submit']]]]>
            </line>
            <line>
              <![CDATA[Get the text from alert]]>
            </line>
            <line>
              <![CDATA[Click on ok button in alert]]>
            </line>
          </reporter-output>
        </test-method> <!-- bankManagerShouldAddCustomerSuccessfully -->
        <test-method status="PASS" signature="tearDown()[pri:0, instance:com.xyz.testsuite.BankTest@43a0cee9]" name="tearDown" is-config="true" duration-ms="764" started-at="2022-12-13T19:45:28 GMT" finished-at="2022-12-13T19:45:29 GMT">
          <reporter-output>
          </reporter-output>
        </test-method> <!-- tearDown -->
        <test-method status="PASS" signature="setUp()[pri:0, instance:com.xyz.testsuite.BankTest@43a0cee9]" name="setUp" is-config="true" duration-ms="7931" started-at="2022-12-13T19:45:29 GMT" finished-at="2022-12-13T19:45:37 GMT">
          <reporter-output>
          </reporter-output>
        </test-method> <!-- setUp -->
        <test-method status="PASS" signature="init()[pri:0, instance:com.xyz.testsuite.BankTest@43a0cee9]" name="init" is-config="true" duration-ms="2" started-at="2022-12-13T19:45:37 GMT" finished-at="2022-12-13T19:45:37 GMT">
          <reporter-output>
          </reporter-output>
        </test-method> <!-- init -->
        <test-method status="PASS" signature="bankManagerShouldOpenAccountSuccessfully()[pri:0, instance:com.xyz.testsuite.BankTest@43a0cee9]" name="bankManagerShouldOpenAccountSuccessfully" duration-ms="1517" started-at="2022-12-13T19:45:37 GMT" finished-at="2022-12-13T19:45:39 GMT">
          <reporter-output>
            <line>
              <![CDATA[Click on bank manager login link[[ChromeDriver: chrome on WINDOWS (044cb149414d76c774e347e0bf7a5905)] -> xpath: //button[text()='Bank Manager Login']]]]>
            </line>
            <line>
              <![CDATA[CLick on add customer tab[[ChromeDriver: chrome on WINDOWS (044cb149414d76c774e347e0bf7a5905)] -> xpath: //button[contains(text(),'Add Customer')]]]]>
            </line>
            <line>
              <![CDATA[Enter first name [[ChromeDriver: chrome on WINDOWS (044cb149414d76c774e347e0bf7a5905)] -> xpath: //div[1]/input[1]]]]>
            </line>
            <line>
              <![CDATA[Enter last name[[ChromeDriver: chrome on WINDOWS (044cb149414d76c774e347e0bf7a5905)] -> xpath: //input[@ng-model='lName']]]]>
            </line>
            <line>
              <![CDATA[Enter postcode[[ChromeDriver: chrome on WINDOWS (044cb149414d76c774e347e0bf7a5905)] -> xpath: //input[@ng-model='postCd']]]]>
            </line>
            <line>
              <![CDATA[Click on add to customer button[[ChromeDriver: chrome on WINDOWS (044cb149414d76c774e347e0bf7a5905)] -> xpath: //button[@type='submit']]]]>
            </line>
            <line>
              <![CDATA[Get the text from alert]]>
            </line>
            <line>
              <![CDATA[Click on ok button in alert]]>
            </line>
            <line>
              <![CDATA[Click on open account tab[[ChromeDriver: chrome on WINDOWS (044cb149414d76c774e347e0bf7a5905)] -> xpath: //button[contains(text(),'Open Account')]]]]>
            </line>
            <line>
              <![CDATA[Search customer name[[ChromeDriver: chrome on WINDOWS (044cb149414d76c774e347e0bf7a5905)] -> id: userSelect]]]>
            </line>
            <line>
              <![CDATA[Select currency from dropdown[[ChromeDriver: chrome on WINDOWS (044cb149414d76c774e347e0bf7a5905)] -> id: currency]]]>
            </line>
            <line>
              <![CDATA[Click on process button[[ChromeDriver: chrome on WINDOWS (044cb149414d76c774e347e0bf7a5905)] -> xpath: //button[contains(text(),'Process')]]]]>
            </line>
            <line>
              <![CDATA[Get text from alert]]>
            </line>
            <line>
              <![CDATA[CLick on ok in alert]]>
            </line>
          </reporter-output>
        </test-method> <!-- bankManagerShouldOpenAccountSuccessfully -->
        <test-method status="PASS" signature="tearDown()[pri:0, instance:com.xyz.testsuite.BankTest@43a0cee9]" name="tearDown" is-config="true" duration-ms="807" started-at="2022-12-13T19:45:39 GMT" finished-at="2022-12-13T19:45:39 GMT">
          <reporter-output>
          </reporter-output>
        </test-method> <!-- tearDown -->
        <test-method status="PASS" signature="setUp()[pri:0, instance:com.xyz.testsuite.BankTest@43a0cee9]" name="setUp" is-config="true" duration-ms="3116" started-at="2022-12-13T19:45:39 GMT" finished-at="2022-12-13T19:45:42 GMT">
          <reporter-output>
          </reporter-output>
        </test-method> <!-- setUp -->
        <test-method status="PASS" signature="init()[pri:0, instance:com.xyz.testsuite.BankTest@43a0cee9]" name="init" is-config="true" duration-ms="2" started-at="2022-12-13T19:45:42 GMT" finished-at="2022-12-13T19:45:42 GMT">
          <reporter-output>
          </reporter-output>
        </test-method> <!-- init -->
        <test-method status="PASS" signature="customerShouldDepositMoneySuccessfully()[pri:0, instance:com.xyz.testsuite.BankTest@43a0cee9]" name="customerShouldDepositMoneySuccessfully" duration-ms="2636" started-at="2022-12-13T19:45:42 GMT" finished-at="2022-12-13T19:45:45 GMT">
          <reporter-output>
            <line>
              <![CDATA[Click on bank manager login link[[ChromeDriver: chrome on WINDOWS (a7f9771cbc7bbbe4e289bc176a4b62fa)] -> xpath: //button[text()='Bank Manager Login']]]]>
            </line>
            <line>
              <![CDATA[CLick on add customer tab[[ChromeDriver: chrome on WINDOWS (a7f9771cbc7bbbe4e289bc176a4b62fa)] -> xpath: //button[contains(text(),'Add Customer')]]]]>
            </line>
            <line>
              <![CDATA[Enter first name [[ChromeDriver: chrome on WINDOWS (a7f9771cbc7bbbe4e289bc176a4b62fa)] -> xpath: //div[1]/input[1]]]]>
            </line>
            <line>
              <![CDATA[Enter last name[[ChromeDriver: chrome on WINDOWS (a7f9771cbc7bbbe4e289bc176a4b62fa)] -> xpath: //input[@ng-model='lName']]]]>
            </line>
            <line>
              <![CDATA[Enter postcode[[ChromeDriver: chrome on WINDOWS (a7f9771cbc7bbbe4e289bc176a4b62fa)] -> xpath: //input[@ng-model='postCd']]]]>
            </line>
            <line>
              <![CDATA[Click on add to customer button[[ChromeDriver: chrome on WINDOWS (a7f9771cbc7bbbe4e289bc176a4b62fa)] -> xpath: //button[@type='submit']]]]>
            </line>
            <line>
              <![CDATA[Get the text from alert]]>
            </line>
            <line>
              <![CDATA[Click on ok button in alert]]>
            </line>
            <line>
              <![CDATA[Click on open account tab[[ChromeDriver: chrome on WINDOWS (a7f9771cbc7bbbe4e289bc176a4b62fa)] -> xpath: //button[contains(text(),'Open Account')]]]]>
            </line>
            <line>
              <![CDATA[Search customer name[[ChromeDriver: chrome on WINDOWS (a7f9771cbc7bbbe4e289bc176a4b62fa)] -> id: userSelect]]]>
            </line>
            <line>
              <![CDATA[Select currency from dropdown[[ChromeDriver: chrome on WINDOWS (a7f9771cbc7bbbe4e289bc176a4b62fa)] -> id: currency]]]>
            </line>
            <line>
              <![CDATA[Click on process button[[ChromeDriver: chrome on WINDOWS (a7f9771cbc7bbbe4e289bc176a4b62fa)] -> xpath: //button[contains(text(),'Process')]]]]>
            </line>
            <line>
              <![CDATA[Get text from alert]]>
            </line>
            <line>
              <![CDATA[CLick on ok in alert]]>
            </line>
            <line>
              <![CDATA[Click on home button[[ChromeDriver: chrome on WINDOWS (a7f9771cbc7bbbe4e289bc176a4b62fa)] -> xpath: //button[text()='Home']]]]>
            </line>
            <line>
              <![CDATA[Click on customer login link[[ChromeDriver: chrome on WINDOWS (a7f9771cbc7bbbe4e289bc176a4b62fa)] -> xpath: //button[contains(text(),'Customer Login')]]]]>
            </line>
            <line>
              <![CDATA[Select your name[[ChromeDriver: chrome on WINDOWS (a7f9771cbc7bbbe4e289bc176a4b62fa)] -> id: userSelect]]]>
            </line>
            <line>
              <![CDATA[Click on login button[[ChromeDriver: chrome on WINDOWS (a7f9771cbc7bbbe4e289bc176a4b62fa)] -> xpath: //button[text()='Login']]]]>
            </line>
            <line>
              <![CDATA[Click on deposit tab[[ChromeDriver: chrome on WINDOWS (a7f9771cbc7bbbe4e289bc176a4b62fa)] -> xpath: //button[contains(text(),'Deposit')]]]]>
            </line>
            <line>
              <![CDATA[Enter amount[[ChromeDriver: chrome on WINDOWS (a7f9771cbc7bbbe4e289bc176a4b62fa)] -> xpath: //input[@ng-model='amount']]]]>
            </line>
            <line>
              <![CDATA[Click on deposit button[[ChromeDriver: chrome on WINDOWS (a7f9771cbc7bbbe4e289bc176a4b62fa)] -> xpath: //button[text()='Deposit']]]]>
            </line>
            <line>
              <![CDATA[Get deposit successful message[[ChromeDriver: chrome on WINDOWS (a7f9771cbc7bbbe4e289bc176a4b62fa)] -> xpath: //span[text()='Deposit Successful']]]]>
            </line>
          </reporter-output>
        </test-method> <!-- customerShouldDepositMoneySuccessfully -->
        <test-method status="PASS" signature="tearDown()[pri:0, instance:com.xyz.testsuite.BankTest@43a0cee9]" name="tearDown" is-config="true" duration-ms="733" started-at="2022-12-13T19:45:45 GMT" finished-at="2022-12-13T19:45:46 GMT">
          <reporter-output>
          </reporter-output>
        </test-method> <!-- tearDown -->
        <test-method status="PASS" signature="setUp()[pri:0, instance:com.xyz.testsuite.BankTest@43a0cee9]" name="setUp" is-config="true" duration-ms="2459" started-at="2022-12-13T19:45:46 GMT" finished-at="2022-12-13T19:45:48 GMT">
          <reporter-output>
          </reporter-output>
        </test-method> <!-- setUp -->
        <test-method status="PASS" signature="init()[pri:0, instance:com.xyz.testsuite.BankTest@43a0cee9]" name="init" is-config="true" duration-ms="2" started-at="2022-12-13T19:45:48 GMT" finished-at="2022-12-13T19:45:48 GMT">
          <reporter-output>
          </reporter-output>
        </test-method> <!-- init -->
        <test-method status="PASS" signature="customerShouldLoginAndLogoutSuccessfully()[pri:0, instance:com.xyz.testsuite.BankTest@43a0cee9]" name="customerShouldLoginAndLogoutSuccessfully" duration-ms="1801" started-at="2022-12-13T19:45:48 GMT" finished-at="2022-12-13T19:45:50 GMT">
          <reporter-output>
            <line>
              <![CDATA[Click on bank manager login link[[ChromeDriver: chrome on WINDOWS (e331ffe173fceffbd554fd49e3127642)] -> xpath: //button[text()='Bank Manager Login']]]]>
            </line>
            <line>
              <![CDATA[CLick on add customer tab[[ChromeDriver: chrome on WINDOWS (e331ffe173fceffbd554fd49e3127642)] -> xpath: //button[contains(text(),'Add Customer')]]]]>
            </line>
            <line>
              <![CDATA[Enter first name [[ChromeDriver: chrome on WINDOWS (e331ffe173fceffbd554fd49e3127642)] -> xpath: //div[1]/input[1]]]]>
            </line>
            <line>
              <![CDATA[Enter last name[[ChromeDriver: chrome on WINDOWS (e331ffe173fceffbd554fd49e3127642)] -> xpath: //input[@ng-model='lName']]]]>
            </line>
            <line>
              <![CDATA[Enter postcode[[ChromeDriver: chrome on WINDOWS (e331ffe173fceffbd554fd49e3127642)] -> xpath: //input[@ng-model='postCd']]]]>
            </line>
            <line>
              <![CDATA[Click on add to customer button[[ChromeDriver: chrome on WINDOWS (e331ffe173fceffbd554fd49e3127642)] -> xpath: //button[@type='submit']]]]>
            </line>
            <line>
              <![CDATA[Get the text from alert]]>
            </line>
            <line>
              <![CDATA[Click on ok button in alert]]>
            </line>
            <line>
              <![CDATA[Click on home button[[ChromeDriver: chrome on WINDOWS (e331ffe173fceffbd554fd49e3127642)] -> xpath: //button[text()='Home']]]]>
            </line>
            <line>
              <![CDATA[Click on customer login link[[ChromeDriver: chrome on WINDOWS (e331ffe173fceffbd554fd49e3127642)] -> xpath: //button[contains(text(),'Customer Login')]]]]>
            </line>
            <line>
              <![CDATA[Select your name[[ChromeDriver: chrome on WINDOWS (e331ffe173fceffbd554fd49e3127642)] -> id: userSelect]]]>
            </line>
            <line>
              <![CDATA[Click on login button[[ChromeDriver: chrome on WINDOWS (e331ffe173fceffbd554fd49e3127642)] -> xpath: //button[text()='Login']]]]>
            </line>
            <line>
              <![CDATA[Verify logout tabBy.xpath: //button[text()='Logout']]]>
            </line>
            <line>
              <![CDATA[CLick on Logout button[[ChromeDriver: chrome on WINDOWS (e331ffe173fceffbd554fd49e3127642)] -> xpath: //button[text()='Logout']]]]>
            </line>
            <line>
              <![CDATA[Verify your name text[[ChromeDriver: chrome on WINDOWS (e331ffe173fceffbd554fd49e3127642)] -> xpath: //label[text()='Your Name :']]]]>
            </line>
          </reporter-output>
        </test-method> <!-- customerShouldLoginAndLogoutSuccessfully -->
        <test-method status="PASS" signature="tearDown()[pri:0, instance:com.xyz.testsuite.BankTest@43a0cee9]" name="tearDown" is-config="true" duration-ms="755" started-at="2022-12-13T19:45:50 GMT" finished-at="2022-12-13T19:45:51 GMT">
          <reporter-output>
          </reporter-output>
        </test-method> <!-- tearDown -->
        <test-method status="PASS" signature="setUp()[pri:0, instance:com.xyz.testsuite.BankTest@43a0cee9]" name="setUp" is-config="true" duration-ms="2640" started-at="2022-12-13T19:45:51 GMT" finished-at="2022-12-13T19:45:53 GMT">
          <reporter-output>
          </reporter-output>
        </test-method> <!-- setUp -->
        <test-method status="PASS" signature="init()[pri:0, instance:com.xyz.testsuite.BankTest@43a0cee9]" name="init" is-config="true" duration-ms="1" started-at="2022-12-13T19:45:53 GMT" finished-at="2022-12-13T19:45:53 GMT">
          <reporter-output>
          </reporter-output>
        </test-method> <!-- init -->
        <test-method status="FAIL" signature="customerShouldWithdrawMoneySuccessfully()[pri:0, instance:com.xyz.testsuite.BankTest@43a0cee9]" name="customerShouldWithdrawMoneySuccessfully" duration-ms="2754" started-at="2022-12-13T19:45:53 GMT" finished-at="2022-12-13T19:45:56 GMT">
          <exception class="org.openqa.selenium.StaleElementReferenceException">
            <message>
              <![CDATA[stale element reference: element is not attached to the page document
  (Session info: chrome=108.0.5359.99)
For documentation on this error, please visit: https://selenium.dev/exceptions/#stale_element_reference
Build info: version: '4.6.0', revision: '79f1c02ae20'
System info: os.name: 'Windows 10', os.arch: 'amd64', os.version: '10.0', java.version: '1.8.0_121'
Driver info: org.openqa.selenium.chrome.ChromeDriver
Command: [830cabbf9c95d52179daefd53fee689f, clickElement {id=996ba04c-dc93-48b6-bd5e-d135f917a14c}]
Capabilities {acceptInsecureCerts: false, browserName: chrome, browserVersion: 108.0.5359.99, chrome: {chromedriverVersion: 108.0.5359.71 (1e0e3868ee06..., userDataDir: C:\Users\RAJ\AppData\Local\...}, goog:chromeOptions: {debuggerAddress: localhost:61740}, networkConnectionEnabled: false, pageLoadStrategy: normal, platformName: WINDOWS, proxy: Proxy(), se:cdp: ws://localhost:61740/devtoo..., se:cdpVersion: 108.0.5359.99, setWindowRect: true, strictFileInteractability: false, timeouts: {implicit: 0, pageLoad: 300000, script: 30000}, unhandledPromptBehavior: dismiss and notify, webauthn:extension:credBlob: true, webauthn:extension:largeBlob: true, webauthn:virtualAuthenticators: true}
Element: [[ChromeDriver: chrome on WINDOWS (830cabbf9c95d52179daefd53fee689f)] -> xpath: //button[contains(text(),'Customer Login')]]
Session ID: 830cabbf9c95d52179daefd53fee689f]]>
            </message>
            <full-stacktrace>
              <![CDATA[org.openqa.selenium.StaleElementReferenceException: stale element reference: element is not attached to the page document
  (Session info: chrome=108.0.5359.99)
For documentation on this error, please visit: https://selenium.dev/exceptions/#stale_element_reference
Build info: version: '4.6.0', revision: '79f1c02ae20'
System info: os.name: 'Windows 10', os.arch: 'amd64', os.version: '10.0', java.version: '1.8.0_121'
Driver info: org.openqa.selenium.chrome.ChromeDriver
Command: [830cabbf9c95d52179daefd53fee689f, clickElement {id=996ba04c-dc93-48b6-bd5e-d135f917a14c}]
Capabilities {acceptInsecureCerts: false, browserName: chrome, browserVersion: 108.0.5359.99, chrome: {chromedriverVersion: 108.0.5359.71 (1e0e3868ee06..., userDataDir: C:\Users\RAJ\AppData\Local\...}, goog:chromeOptions: {debuggerAddress: localhost:61740}, networkConnectionEnabled: false, pageLoadStrategy: normal, platformName: WINDOWS, proxy: Proxy(), se:cdp: ws://localhost:61740/devtoo..., se:cdpVersion: 108.0.5359.99, setWindowRect: true, strictFileInteractability: false, timeouts: {implicit: 0, pageLoad: 300000, script: 30000}, unhandledPromptBehavior: dismiss and notify, webauthn:extension:credBlob: true, webauthn:extension:largeBlob: true, webauthn:virtualAuthenticators: true}
Element: [[ChromeDriver: chrome on WINDOWS (830cabbf9c95d52179daefd53fee689f)] -> xpath: //button[contains(text(),'Customer Login')]]
Session ID: 830cabbf9c95d52179daefd53fee689f
at sun.reflect.NativeConstructorAccessorImpl.newInstance0(Native Method)
at sun.reflect.NativeConstructorAccessorImpl.newInstance(NativeConstructorAccessorImpl.java:62)
at sun.reflect.DelegatingConstructorAccessorImpl.newInstance(DelegatingConstructorAccessorImpl.java:45)
at java.lang.reflect.Constructor.newInstance(Constructor.java:423)
at org.openqa.selenium.remote.codec.w3c.W3CHttpResponseCodec.createException(W3CHttpResponseCodec.java:200)
at org.openqa.selenium.remote.codec.w3c.W3CHttpResponseCodec.decode(W3CHttpResponseCodec.java:133)
at org.openqa.selenium.remote.codec.w3c.W3CHttpResponseCodec.decode(W3CHttpResponseCodec.java:53)
at org.openqa.selenium.remote.HttpCommandExecutor.execute(HttpCommandExecutor.java:184)
at org.openqa.selenium.remote.service.DriverCommandExecutor.invokeExecute(DriverCommandExecutor.java:167)
at org.openqa.selenium.remote.service.DriverCommandExecutor.execute(DriverCommandExecutor.java:142)
at org.openqa.selenium.remote.RemoteWebDriver.execute(RemoteWebDriver.java:541)
at org.openqa.selenium.remote.RemoteWebElement.execute(RemoteWebElement.java:257)
at org.openqa.selenium.remote.RemoteWebElement.click(RemoteWebElement.java:78)
at sun.reflect.GeneratedMethodAccessor2.invoke(Unknown Source)
at sun.reflect.DelegatingMethodAccessorImpl.invoke(DelegatingMethodAccessorImpl.java:43)
at java.lang.reflect.Method.invoke(Method.java:498)
at org.openqa.selenium.support.pagefactory.internal.LocatingElementHandler.invoke(LocatingElementHandler.java:52)
at com.sun.proxy.$Proxy15.click(Unknown Source)
at com.xyz.utility.Utility.clickOnElement(Utility.java:50)
at com.xyz.pages.HomePage.clickOnCustomerLogin(HomePage.java:26)
at com.xyz.testsuite.BankTest.customerShouldWithdrawMoneySuccessfully(BankTest.java:80)
at sun.reflect.NativeMethodAccessorImpl.invoke0(Native Method)
at sun.reflect.NativeMethodAccessorImpl.invoke(NativeMethodAccessorImpl.java:62)
at sun.reflect.DelegatingMethodAccessorImpl.invoke(DelegatingMethodAccessorImpl.java:43)
at java.lang.reflect.Method.invoke(Method.java:498)
at org.testng.internal.invokers.MethodInvocationHelper.invokeMethod(MethodInvocationHelper.java:135)
at org.testng.internal.invokers.TestInvoker.invokeMethod(TestInvoker.java:673)
at org.testng.internal.invokers.TestInvoker.invokeTestMethod(TestInvoker.java:220)
at org.testng.internal.invokers.MethodRunner.runInSequence(MethodRunner.java:50)
at org.testng.internal.invokers.TestInvoker$MethodInvocationAgent.invoke(TestInvoker.java:945)
at org.testng.internal.invokers.TestInvoker.invokeTestMethods(TestInvoker.java:193)
at org.testng.internal.invokers.TestMethodWorker.invokeTestMethods(TestMethodWorker.java:146)
at org.testng.internal.invokers.TestMethodWorker.run(TestMethodWorker.java:128)
at java.util.ArrayList.forEach(ArrayList.java:1249)
at org.testng.TestRunner.privateRun(TestRunner.java:808)
at org.testng.TestRunner.run(TestRunner.java:603)
at org.testng.SuiteRunner.runTest(SuiteRunner.java:429)
at org.testng.SuiteRunner.runSequentially(SuiteRunner.java:423)
at org.testng.SuiteRunner.privateRun(SuiteRunner.java:383)
at org.testng.SuiteRunner.run(SuiteRunner.java:326)
at org.testng.SuiteRunnerWorker.runSuite(SuiteRunnerWorker.java:52)
at org.testng.SuiteRunnerWorker.run(SuiteRunnerWorker.java:95)
at org.testng.TestNG.runSuitesSequentially(TestNG.java:1249)
at org.testng.TestNG.runSuitesLocally(TestNG.java:1169)
at org.testng.TestNG.runSuites(TestNG.java:1092)
at org.testng.TestNG.run(TestNG.java:1060)
at com.intellij.rt.testng.IDEARemoteTestNG.run(IDEARemoteTestNG.java:66)
at com.intellij.rt.testng.RemoteTestNGStarter.main(RemoteTestNGStarter.java:109)
]]>
            </full-stacktrace>
          </exception> <!-- org.openqa.selenium.StaleElementReferenceException -->
          <reporter-output>
            <line>
              <![CDATA[Click on bank manager login link[[ChromeDriver: chrome on WINDOWS (830cabbf9c95d52179daefd53fee689f)] -> xpath: //button[text()='Bank Manager Login']]]]>
            </line>
            <line>
              <![CDATA[CLick on add customer tab[[ChromeDriver: chrome on WINDOWS (830cabbf9c95d52179daefd53fee689f)] -> xpath: //button[contains(text(),'Add Customer')]]]]>
            </line>
            <line>
              <![CDATA[Enter first name [[ChromeDriver: chrome on WINDOWS (830cabbf9c95d52179daefd53fee689f)] -> xpath: //div[1]/input[1]]]]>
            </line>
            <line>
              <![CDATA[Enter last name[[ChromeDriver: chrome on WINDOWS (830cabbf9c95d52179daefd53fee689f)] -> xpath: //input[@ng-model='lName']]]]>
            </line>
            <line>
              <![CDATA[Enter postcode[[ChromeDriver: chrome on WINDOWS (830cabbf9c95d52179daefd53fee689f)] -> xpath: //input[@ng-model='postCd']]]]>
            </line>
            <line>
              <![CDATA[Click on add to customer button[[ChromeDriver: chrome on WINDOWS (830cabbf9c95d52179daefd53fee689f)] -> xpath: //button[@type='submit']]]]>
            </line>
            <line>
              <![CDATA[Get the text from alert]]>
            </line>
            <line>
              <![CDATA[Click on ok button in alert]]>
            </line>
            <line>
              <![CDATA[Click on open account tab[[ChromeDriver: chrome on WINDOWS (830cabbf9c95d52179daefd53fee689f)] -> xpath: //button[contains(text(),'Open Account')]]]]>
            </line>
            <line>
              <![CDATA[Search customer name[[ChromeDriver: chrome on WINDOWS (830cabbf9c95d52179daefd53fee689f)] -> id: userSelect]]]>
            </line>
            <line>
              <![CDATA[Select currency from dropdown[[ChromeDriver: chrome on WINDOWS (830cabbf9c95d52179daefd53fee689f)] -> id: currency]]]>
            </line>
            <line>
              <![CDATA[Click on process button[[ChromeDriver: chrome on WINDOWS (830cabbf9c95d52179daefd53fee689f)] -> xpath: //button[contains(text(),'Process')]]]]>
            </line>
            <line>
              <![CDATA[Get text from alert]]>
            </line>
            <line>
              <![CDATA[CLick on ok in alert]]>
            </line>
            <line>
              <![CDATA[Click on home button[[ChromeDriver: chrome on WINDOWS (830cabbf9c95d52179daefd53fee689f)] -> xpath: //button[text()='Home']]]]>
            </line>
            <line>
              <![CDATA[Click on customer login link[[ChromeDriver: chrome on WINDOWS (830cabbf9c95d52179daefd53fee689f)] -> xpath: //button[contains(text(),'Customer Login')]]]]>
            </line>
            <line>
              <![CDATA[Select your name[[ChromeDriver: chrome on WINDOWS (830cabbf9c95d52179daefd53fee689f)] -> id: userSelect]]]>
            </line>
            <line>
              <![CDATA[Click on login button[[ChromeDriver: chrome on WINDOWS (830cabbf9c95d52179daefd53fee689f)] -> xpath: //button[text()='Login']]]]>
            </line>
            <line>
              <![CDATA[Click on deposit tab[[ChromeDriver: chrome on WINDOWS (830cabbf9c95d52179daefd53fee689f)] -> xpath: //button[contains(text(),'Deposit')]]]]>
            </line>
            <line>
              <![CDATA[Enter amount[[ChromeDriver: chrome on WINDOWS (830cabbf9c95d52179daefd53fee689f)] -> xpath: //input[@ng-model='amount']]]]>
            </line>
            <line>
              <![CDATA[Click on deposit button[[ChromeDriver: chrome on WINDOWS (830cabbf9c95d52179daefd53fee689f)] -> xpath: //button[text()='Deposit']]]]>
            </line>
            <line>
              <![CDATA[Get deposit successful message[[ChromeDriver: chrome on WINDOWS (830cabbf9c95d52179daefd53fee689f)] -> xpath: //span[text()='Deposit Successful']]]]>
            </line>
            <line>
              <![CDATA[Click on home button[[ChromeDriver: chrome on WINDOWS (830cabbf9c95d52179daefd53fee689f)] -> xpath: //button[text()='Home']]]]>
            </line>
            <line>
              <![CDATA[Click on customer login link[[ChromeDriver: chrome on WINDOWS (830cabbf9c95d52179daefd53fee689f)] -> xpath: //button[contains(text(),'Customer Login')]]]]>
            </line>
            <line>
              <![CDATA[Click to see screenshot]]>
            </line>
            <line>
              <![CDATA[<a target = "_blank" href=C:\Users\RAJ\IdeaProjects\xyz-bank-sw-5-factory-project-3-raj/test-output/html/customerShouldWithdrawMoneySuccessfullyTue_Dec_13_19_45_57_GMT_2022.jpg>Screenshot</a>]]>
            </line>
            <line>
              <![CDATA[<br>]]>
            </line>
            <line>
              <![CDATA[<br>]]>
            </line>
            <line>
              <![CDATA[<a target = "_blank" href=C:\Users\RAJ\IdeaProjects\xyz-bank-sw-5-factory-project-3-raj/test-output/html/customerShouldWithdrawMoneySuccessfullyTue_Dec_13_19_45_57_GMT_2022.jpg><img src=C:\Users\RAJ\IdeaProjects\xyz-bank-sw-5-factory-project-3-raj/test-output/html/customerShouldWithdrawMoneySuccessfullyTue_Dec_13_19_45_57_GMT_2022.jpg height=200 width=200></img></a>]]>
            </line>
          </reporter-output>
        </test-method> <!-- customerShouldWithdrawMoneySuccessfully -->
        <test-method status="PASS" signature="tearDown()[pri:0, instance:com.xyz.testsuite.BankTest@43a0cee9]" name="tearDown" is-config="true" duration-ms="809" started-at="2022-12-13T19:45:57 GMT" finished-at="2022-12-13T19:45:57 GMT">
          <reporter-output>
          </reporter-output>
        </test-method> <!-- tearDown -->
      </class> <!-- com.xyz.testsuite.BankTest -->
    </test> <!-- Login Test -->
  </suite> <!-- regression -->
</testng-results>
